2025-11-04 22:08:04.448 [restartedMain] INFO  [] c.d.delivery.DeliveryApiApplication - Starting DeliveryApiApplication using Java 21.0.9 with PID 667819 (/home/dimas/Documentos/GitHub/delivery-api/target/classes started by dimas in /home/dimas/Documentos/GitHub/delivery-api)
2025-11-04 22:08:05.179 [restartedMain] DEBUG [] c.d.delivery.DeliveryApiApplication - Running with Spring Boot v3.5.6, Spring v6.2.11
2025-11-04 22:08:05.181 [restartedMain] INFO  [] c.d.delivery.DeliveryApiApplication - No active profile set, falling back to 1 default profile: "default"
2025-11-04 22:08:07.697 [restartedMain] INFO  [] o.s.b.d.e.DevToolsPropertyDefaultsPostProcessor - Devtools property defaults active! Set 'spring.devtools.add-properties' to 'false' to disable
2025-11-04 22:08:07.698 [restartedMain] INFO  [] o.s.b.d.e.DevToolsPropertyDefaultsPostProcessor - For additional web related logging consider setting the 'logging.level.web' property to 'DEBUG'
2025-11-04 22:08:36.221 [restartedMain] INFO  [] o.s.d.r.c.RepositoryConfigurationDelegate - Multiple Spring Data modules found, entering strict repository configuration mode
2025-11-04 22:08:36.248 [restartedMain] INFO  [] o.s.d.r.c.RepositoryConfigurationDelegate - Bootstrapping Spring Data JPA repositories in DEFAULT mode.
2025-11-04 22:08:40.063 [restartedMain] INFO  [] o.s.d.r.c.RepositoryConfigurationDelegate - Finished Spring Data repository scanning in 3678 ms. Found 5 JPA repository interfaces.
2025-11-04 22:08:40.598 [restartedMain] INFO  [] o.s.d.r.c.RepositoryConfigurationDelegate - Multiple Spring Data modules found, entering strict repository configuration mode
2025-11-04 22:08:40.704 [restartedMain] INFO  [] o.s.d.r.c.RepositoryConfigurationDelegate - Bootstrapping Spring Data Redis repositories in DEFAULT mode.
2025-11-04 22:08:41.117 [restartedMain] INFO  [] o.s.d.r.c.RepositoryConfigurationExtensionSupport - Spring Data Redis - Could not safely identify store assignment for repository candidate interface com.deliverytech.delivery.repository.ClienteRepository; If you want this repository to be a Redis repository, consider annotating your entities with one of these annotations: org.springframework.data.redis.core.RedisHash (preferred), or consider extending one of the following types with your repository: org.springframework.data.keyvalue.repository.KeyValueRepository
2025-11-04 22:08:41.118 [restartedMain] INFO  [] o.s.d.r.c.RepositoryConfigurationExtensionSupport - Spring Data Redis - Could not safely identify store assignment for repository candidate interface com.deliverytech.delivery.repository.PedidoRepository; If you want this repository to be a Redis repository, consider annotating your entities with one of these annotations: org.springframework.data.redis.core.RedisHash (preferred), or consider extending one of the following types with your repository: org.springframework.data.keyvalue.repository.KeyValueRepository
2025-11-04 22:08:41.119 [restartedMain] INFO  [] o.s.d.r.c.RepositoryConfigurationExtensionSupport - Spring Data Redis - Could not safely identify store assignment for repository candidate interface com.deliverytech.delivery.repository.ProdutoRepository; If you want this repository to be a Redis repository, consider annotating your entities with one of these annotations: org.springframework.data.redis.core.RedisHash (preferred), or consider extending one of the following types with your repository: org.springframework.data.keyvalue.repository.KeyValueRepository
2025-11-04 22:08:41.120 [restartedMain] INFO  [] o.s.d.r.c.RepositoryConfigurationExtensionSupport - Spring Data Redis - Could not safely identify store assignment for repository candidate interface com.deliverytech.delivery.repository.RestauranteRepository; If you want this repository to be a Redis repository, consider annotating your entities with one of these annotations: org.springframework.data.redis.core.RedisHash (preferred), or consider extending one of the following types with your repository: org.springframework.data.keyvalue.repository.KeyValueRepository
2025-11-04 22:08:41.124 [restartedMain] INFO  [] o.s.d.r.c.RepositoryConfigurationExtensionSupport - Spring Data Redis - Could not safely identify store assignment for repository candidate interface com.deliverytech.delivery.repository.auth.UsuarioRepository; If you want this repository to be a Redis repository, consider annotating your entities with one of these annotations: org.springframework.data.redis.core.RedisHash (preferred), or consider extending one of the following types with your repository: org.springframework.data.keyvalue.repository.KeyValueRepository
2025-11-04 22:08:41.128 [restartedMain] INFO  [] o.s.d.r.c.RepositoryConfigurationDelegate - Finished Spring Data repository scanning in 32 ms. Found 0 Redis repository interfaces.
2025-11-04 22:08:51.441 [restartedMain] INFO  [] o.s.b.w.e.tomcat.TomcatWebServer - Tomcat initialized with port 8080 (http)
2025-11-04 22:08:51.709 [restartedMain] INFO  [] o.a.coyote.http11.Http11NioProtocol - Initializing ProtocolHandler ["http-nio-8080"]
2025-11-04 22:08:51.816 [restartedMain] INFO  [] o.a.catalina.core.StandardService - Starting service [Tomcat]
2025-11-04 22:08:51.817 [restartedMain] INFO  [] o.a.catalina.core.StandardEngine - Starting Servlet engine: [Apache Tomcat/10.1.46]
2025-11-04 22:08:52.516 [restartedMain] INFO  [] o.a.c.c.C.[Tomcat].[localhost].[/] - Initializing Spring embedded WebApplicationContext
2025-11-04 22:08:52.519 [restartedMain] INFO  [] o.s.b.w.s.c.ServletWebServerApplicationContext - Root WebApplicationContext: initialization completed in 44818 ms
2025-11-04 22:09:02.914 [restartedMain] DEBUG [] c.d.d.s.jwt.JwtAuthenticationFilter - Filter 'jwtAuthenticationFilter' configured for use
2025-11-04 22:09:02.916 [restartedMain] DEBUG [] o.s.w.f.ServerHttpObservationFilter - Filter 'webMvcObservationFilter' configured for use
2025-11-04 22:09:02.917 [restartedMain] DEBUG [] o.s.w.s.r.ResourceUrlEncodingFilter - Filter 'resourceUrlEncodingFilter' configured for use
2025-11-04 22:09:31.788 [restartedMain] INFO  [] o.s.o.j.p.SpringPersistenceUnitInfo - No LoadTimeWeaver setup: ignoring JPA class transformer
2025-11-04 22:09:32.126 [restartedMain] INFO  [] com.zaxxer.hikari.HikariDataSource - HikariPool-1 - Starting...
2025-11-04 22:09:33.925 [restartedMain] INFO  [] com.zaxxer.hikari.pool.HikariPool - HikariPool-1 - Added connection conn0: url=jdbc:h2:mem:deliverydb user=SA
2025-11-04 22:09:33.930 [restartedMain] INFO  [] com.zaxxer.hikari.HikariDataSource - HikariPool-1 - Start completed.
2025-11-04 22:09:34.108 [restartedMain] WARN  [] org.hibernate.orm.deprecation - HHH90000025: H2Dialect does not need to be specified explicitly using 'hibernate.dialect' (remove the property setting and it will be selected by default)
2025-11-04 22:09:48.515 [restartedMain] DEBUG [] org.hibernate.SQL - 
    drop table if exists cliente cascade 
2025-11-04 22:09:48.896 [restartedMain] DEBUG [] org.hibernate.SQL - 
    drop table if exists itens_pedido cascade 
2025-11-04 22:09:48.898 [restartedMain] DEBUG [] org.hibernate.SQL - 
    drop table if exists pedido cascade 
2025-11-04 22:09:48.899 [restartedMain] DEBUG [] org.hibernate.SQL - 
    drop table if exists produto cascade 
2025-11-04 22:09:48.900 [restartedMain] DEBUG [] org.hibernate.SQL - 
    drop table if exists restaurante cascade 
2025-11-04 22:09:48.900 [restartedMain] DEBUG [] org.hibernate.SQL - 
    drop table if exists usuario cascade 
2025-11-04 22:09:50.178 [restartedMain] DEBUG [] org.hibernate.SQL - 
    create table cliente (
        ativo boolean not null,
        data_cadastro timestamp(6) not null,
        id bigint generated by default as identity,
        cpf varchar(11) not null unique,
        telefone varchar(15),
        email varchar(100) not null unique,
        nome varchar(100) not null,
        endereco varchar(255),
        primary key (id)
    )
2025-11-04 22:09:50.238 [restartedMain] DEBUG [] org.hibernate.SQL - 
    create table itens_pedido (
        preco_unitario numeric(38,2) not null,
        quantidade integer not null check (quantidade>=1),
        subtotal numeric(38,2) not null,
        id bigint generated by default as identity,
        pedido_id bigint not null,
        produto_id bigint not null,
        primary key (id)
    )
2025-11-04 22:09:50.247 [restartedMain] DEBUG [] org.hibernate.SQL - 
    create table pedido (
        subtotal numeric(38,2),
        taxa_entrega numeric(38,2),
        valor_total numeric(38,2),
        cliente_id bigint not null,
        data_pedido timestamp(6),
        id bigint generated by default as identity,
        restaurante_id bigint not null,
        endereco_entrega varchar(255),
        numero_pedido varchar(255) not null unique,
        observacoes TEXT,
        status enum ('CANCELADO','CONFIRMADO','ENTREGUE','PENDENTE','PREPARANDO','SAIU_PARA_ENTREGA'),
        primary key (id)
    )
2025-11-04 22:09:50.251 [restartedMain] DEBUG [] org.hibernate.SQL - 
    create table produto (
        disponivel boolean,
        estoque integer not null,
        preco numeric(38,2) not null,
        id bigint generated by default as identity,
        restaurante_id bigint,
        nome varchar(100) not null,
        categoria varchar(255),
        descricao varchar(255),
        primary key (id)
    )
2025-11-04 22:09:50.254 [restartedMain] DEBUG [] org.hibernate.SQL - 
    create table restaurante (
        ativo boolean,
        avaliacao numeric(3,2),
        taxa_entrega numeric(38,2),
        tempo_entrega integer,
        id bigint generated by default as identity,
        nome varchar(100) not null,
        categoria varchar(255) not null,
        endereco varchar(255) not null,
        horario_funcionamento varchar(255),
        telefone varchar(255) not null,
        primary key (id)
    )
2025-11-04 22:09:50.257 [restartedMain] DEBUG [] org.hibernate.SQL - 
    create table usuario (
        ativo boolean not null,
        data_criacao timestamp(6) not null,
        id bigint generated by default as identity,
        restaurante_id bigint,
        email varchar(100) not null unique,
        nome varchar(100) not null,
        senha varchar(255) not null,
        role enum ('ADMIN','CLIENTE','ENTREGADOR','RESTAURANTE') not null,
        primary key (id)
    )
2025-11-04 22:09:50.261 [restartedMain] DEBUG [] org.hibernate.SQL - 
    alter table if exists itens_pedido 
       add constraint FKdrlbqwi9u15b2nnaj826e229x 
       foreign key (pedido_id) 
       references pedido
2025-11-04 22:09:50.637 [restartedMain] DEBUG [] org.hibernate.SQL - 
    alter table if exists itens_pedido 
       add constraint FK3uo2duj20r2i4mwplv4vb26u6 
       foreign key (produto_id) 
       references produto
2025-11-04 22:09:50.642 [restartedMain] DEBUG [] org.hibernate.SQL - 
    alter table if exists pedido 
       add constraint FK30s8j2ktpay6of18lbyqn3632 
       foreign key (cliente_id) 
       references cliente
2025-11-04 22:09:50.663 [restartedMain] DEBUG [] org.hibernate.SQL - 
    alter table if exists pedido 
       add constraint FK3eud5cqmgsnltyk704hu3qj71 
       foreign key (restaurante_id) 
       references restaurante
2025-11-04 22:09:50.668 [restartedMain] DEBUG [] org.hibernate.SQL - 
    alter table if exists produto 
       add constraint FKb9jhjyghjcn25guim7q4pt8qx 
       foreign key (restaurante_id) 
       references restaurante
2025-11-04 22:09:50.680 [restartedMain] INFO  [] o.s.o.j.LocalContainerEntityManagerFactoryBean - Initialized JPA EntityManagerFactory for persistence unit 'default'
2025-11-04 22:10:05.974 [restartedMain] INFO  [] o.s.d.j.r.query.QueryEnhancerFactory - Hibernate is in classpath; If applicable, HQL parser will be used.
2025-11-04 22:10:15.786 [restartedMain] INFO  [] o.s.s.c.a.a.c.InitializeUserDetailsBeanManagerConfigurer$InitializeUserDetailsManagerConfigurer - Global AuthenticationManager configured with UserDetailsService bean with name authService
2025-11-04 22:10:22.747 [restartedMain] INFO  [] o.s.b.a.w.s.WelcomePageHandlerMapping - Adding welcome page template: index
2025-11-04 22:10:25.001 [restartedMain] DEBUG [] o.s.w.s.m.m.a.RequestMappingHandlerMapping - 52 mappings in 'requestMappingHandlerMapping'
2025-11-04 22:10:27.732 [restartedMain] DEBUG [] o.s.w.s.h.SimpleUrlHandlerMapping - Patterns [/webjars/**, /**, /swagger-ui*/*swagger-initializer.js, /swagger-ui*/**] in 'resourceHandlerMapping'
2025-11-04 22:10:30.906 [restartedMain] INFO  [] o.s.b.a.e.web.EndpointLinksResolver - Exposing 6 endpoints beneath base path '/actuator'
2025-11-04 22:10:31.287 [restartedMain] DEBUG [] o.s.s.web.DefaultSecurityFilterChain - Will secure any request with filters: DisableEncodeUrlFilter, WebAsyncManagerIntegrationFilter, SecurityContextHolderFilter, HeaderWriterFilter, CorsFilter, LogoutFilter, JwtAuthenticationFilter, RequestCacheAwareFilter, SecurityContextHolderAwareRequestFilter, AnonymousAuthenticationFilter, SessionManagementFilter, ExceptionTranslationFilter, AuthorizationFilter
2025-11-04 22:10:32.597 [restartedMain] DEBUG [] o.s.w.s.m.m.a.RequestMappingHandlerAdapter - ControllerAdvice beans: 0 @ModelAttribute, 0 @InitBinder, 1 RequestBodyAdvice, 1 ResponseBodyAdvice
2025-11-04 22:10:35.963 [restartedMain] DEBUG [] o.s.w.s.m.m.a.ExceptionHandlerExceptionResolver - ControllerAdvice beans: 2 @ExceptionHandler, 1 ResponseBodyAdvice
2025-11-04 22:10:44.828 [restartedMain] INFO  [] o.s.b.a.h.H2ConsoleAutoConfiguration - H2 console available at '/h2-console'. Database available at 'jdbc:h2:mem:deliverydb'
2025-11-04 22:10:47.513 [restartedMain] INFO  [] o.s.b.d.a.OptionalLiveReloadServer - LiveReload server is running on port 35729
2025-11-04 22:10:48.451 [restartedMain] INFO  [] o.a.coyote.http11.Http11NioProtocol - Starting ProtocolHandler ["http-nio-8080"]
2025-11-04 22:10:49.112 [restartedMain] INFO  [] o.s.b.w.e.tomcat.TomcatWebServer - Tomcat started on port 8080 (http) with context path '/'
2025-11-04 22:10:49.341 [restartedMain] INFO  [] c.d.delivery.DeliveryApiApplication - Started DeliveryApiApplication in 177.566 seconds (process running for 191.363)
2025-11-04 22:10:49.945 [scheduling-1] INFO  [] c.d.d.service.alert.AlertService - [ALERTS] Verificando métricas e saúde do sistema...
2025-11-04 22:10:51.380 [scheduling-1] DEBUG [] o.s.web.client.RestTemplate - HTTP GET https://httpbin.org/status/200
2025-11-04 22:10:51.615 [scheduling-1] DEBUG [] o.s.web.client.RestTemplate - Accept=[text/plain, application/json, application/yaml, application/*+json, */*]
2025-11-04 22:11:06.905 [scheduling-1] DEBUG [] o.s.web.client.RestTemplate - Response 200 OK
2025-11-04 22:11:08.830 [AsyncReporter{ZipkinHttpClientSender{http://localhost:9411/api/v2/spans}}] WARN  [] z.r.i.AsyncReporter$BoundedAsyncReporter - Spans were dropped due to exceptions. All subsequent errors will be logged at FINE level.
2025-11-04 22:11:08.831 [AsyncReporter{ZipkinHttpClientSender{http://localhost:9411/api/v2/spans}}] WARN  [] z.r.i.AsyncReporter$BoundedAsyncReporter - Dropped 2 spans due to ConnectException()
java.net.ConnectException: null
	at java.net.http/jdk.internal.net.http.HttpClientImpl.send(HttpClientImpl.java:955)
	at java.net.http/jdk.internal.net.http.HttpClientFacade.send(HttpClientFacade.java:133)
	at org.springframework.boot.actuate.autoconfigure.tracing.zipkin.ZipkinHttpClientSender.postSpans(ZipkinHttpClientSender.java:60)
	at org.springframework.boot.actuate.autoconfigure.tracing.zipkin.HttpSender.postSpans(HttpSender.java:69)
	at org.springframework.boot.actuate.autoconfigure.tracing.zipkin.HttpSender.postSpans(HttpSender.java:41)
	at zipkin2.reporter.BaseHttpSender.send(BaseHttpSender.java:123)
	at zipkin2.reporter.internal.AsyncReporter$BoundedAsyncReporter.flush(AsyncReporter.java:266)
	at zipkin2.reporter.internal.AsyncReporter$Flusher.run(AsyncReporter.java:352)
	at java.base/java.lang.Thread.run(Thread.java:1583)
Caused by: java.net.ConnectException: null
	at java.net.http/jdk.internal.net.http.common.Utils.toConnectException(Utils.java:1065)
	at java.net.http/jdk.internal.net.http.PlainHttpConnection.connectAsync(PlainHttpConnection.java:227)
	at java.net.http/jdk.internal.net.http.PlainHttpConnection.checkRetryConnect(PlainHttpConnection.java:280)
	at java.net.http/jdk.internal.net.http.PlainHttpConnection.lambda$connectAsync$2(PlainHttpConnection.java:238)
	at java.base/java.util.concurrent.CompletableFuture.uniHandle(CompletableFuture.java:934)
	at java.base/java.util.concurrent.CompletableFuture$UniHandle.tryFire(CompletableFuture.java:911)
	at java.base/java.util.concurrent.CompletableFuture.postComplete(CompletableFuture.java:510)
	at java.base/java.util.concurrent.CompletableFuture$AsyncSupply.run(CompletableFuture.java:1773)
	at java.base/java.util.concurrent.ThreadPoolExecutor.runWorker(ThreadPoolExecutor.java:1144)
	at java.base/java.util.concurrent.ThreadPoolExecutor$Worker.run(ThreadPoolExecutor.java:642)
	... 1 common frames omitted
Caused by: java.nio.channels.ClosedChannelException: null
	at java.base/sun.nio.ch.SocketChannelImpl.ensureOpen(SocketChannelImpl.java:202)
	at java.base/sun.nio.ch.SocketChannelImpl.beginConnect(SocketChannelImpl.java:786)
	at java.base/sun.nio.ch.SocketChannelImpl.connect(SocketChannelImpl.java:874)
	at java.net.http/jdk.internal.net.http.PlainHttpConnection.lambda$connectAsync$1(PlainHttpConnection.java:210)
	at java.base/java.security.AccessController.doPrivileged(AccessController.java:571)
	at java.net.http/jdk.internal.net.http.PlainHttpConnection.connectAsync(PlainHttpConnection.java:212)
	... 9 common frames omitted
2025-11-04 22:11:19.199 [scheduling-1] INFO  [] c.d.d.service.alert.AlertService - [ALERTS] Verificando métricas e saúde do sistema...
2025-11-04 22:11:19.200 [scheduling-1] DEBUG [] o.s.web.client.RestTemplate - HTTP GET https://httpbin.org/status/200
2025-11-04 22:11:19.201 [scheduling-1] DEBUG [] o.s.web.client.RestTemplate - Accept=[text/plain, application/json, application/yaml, application/*+json, */*]
2025-11-04 22:11:20.636 [scheduling-1] DEBUG [] o.s.web.client.RestTemplate - Response 200 OK
2025-11-04 22:11:49.199 [scheduling-1] INFO  [] c.d.d.service.alert.AlertService - [ALERTS] Verificando métricas e saúde do sistema...
2025-11-04 22:11:49.200 [scheduling-1] DEBUG [] o.s.web.client.RestTemplate - HTTP GET https://httpbin.org/status/200
2025-11-04 22:11:49.201 [scheduling-1] DEBUG [] o.s.web.client.RestTemplate - Accept=[text/plain, application/json, application/yaml, application/*+json, */*]
2025-11-04 22:11:51.293 [scheduling-1] DEBUG [] o.s.web.client.RestTemplate - Response 200 OK
2025-11-04 22:12:17.201 [http-nio-8080-exec-1] INFO  [] o.a.c.c.C.[Tomcat].[localhost].[/] - Initializing Spring DispatcherServlet 'dispatcherServlet'
2025-11-04 22:12:17.202 [http-nio-8080-exec-1] INFO  [] o.s.web.servlet.DispatcherServlet - Initializing Servlet 'dispatcherServlet'
2025-11-04 22:12:17.202 [http-nio-8080-exec-1] DEBUG [] o.s.web.servlet.DispatcherServlet - Detected StandardServletMultipartResolver
2025-11-04 22:12:17.203 [http-nio-8080-exec-1] DEBUG [] o.s.web.servlet.DispatcherServlet - Detected AcceptHeaderLocaleResolver
2025-11-04 22:12:17.203 [http-nio-8080-exec-1] DEBUG [] o.s.web.servlet.DispatcherServlet - Detected FixedThemeResolver
2025-11-04 22:12:17.205 [http-nio-8080-exec-1] DEBUG [] o.s.web.servlet.DispatcherServlet - Detected org.springframework.web.servlet.view.DefaultRequestToViewNameTranslator@23fa540f
2025-11-04 22:12:17.206 [http-nio-8080-exec-1] DEBUG [] o.s.web.servlet.DispatcherServlet - Detected org.springframework.web.servlet.support.SessionFlashMapManager@14e1bea4
2025-11-04 22:12:17.207 [http-nio-8080-exec-1] DEBUG [] o.s.web.servlet.DispatcherServlet - enableLoggingRequestDetails='false': request parameters and headers will be masked to prevent unsafe logging of potentially sensitive data
2025-11-04 22:12:17.208 [http-nio-8080-exec-1] INFO  [] o.s.web.servlet.DispatcherServlet - Completed initialization in 5 ms
2025-11-04 22:12:18.117 [http-nio-8080-exec-1] DEBUG [] o.s.security.web.FilterChainProxy - Securing GET /
2025-11-04 22:12:18.283 [http-nio-8080-exec-1] WARN  [] c.d.d.s.jwt.JwtAuthenticationFilter - Header 'Authorization' ausente ou mal formatado
2025-11-04 22:12:18.348 [http-nio-8080-exec-1] DEBUG [] o.s.s.w.a.AnonymousAuthenticationFilter - Set SecurityContextHolder to anonymous SecurityContext
2025-11-04 22:12:19.199 [scheduling-1] INFO  [] c.d.d.service.alert.AlertService - [ALERTS] Verificando métricas e saúde do sistema...
2025-11-04 22:12:19.200 [scheduling-1] DEBUG [] o.s.web.client.RestTemplate - HTTP GET https://httpbin.org/status/200
2025-11-04 22:12:19.201 [scheduling-1] DEBUG [] o.s.web.client.RestTemplate - Accept=[text/plain, application/json, application/yaml, application/*+json, */*]
2025-11-04 22:12:20.920 [scheduling-1] DEBUG [] o.s.web.client.RestTemplate - Response 200 OK
2025-11-04 22:12:27.084 [http-nio-8080-exec-2] DEBUG [] o.s.security.web.FilterChainProxy - Securing GET /favicon.ico
2025-11-04 22:12:27.087 [http-nio-8080-exec-2] WARN  [] c.d.d.s.jwt.JwtAuthenticationFilter - Header 'Authorization' ausente ou mal formatado
2025-11-04 22:12:27.088 [http-nio-8080-exec-2] DEBUG [] o.s.s.w.a.AnonymousAuthenticationFilter - Set SecurityContextHolder to anonymous SecurityContext
2025-11-04 22:12:49.199 [scheduling-1] INFO  [] c.d.d.service.alert.AlertService - [ALERTS] Verificando métricas e saúde do sistema...
2025-11-04 22:12:49.201 [scheduling-1] DEBUG [] o.s.web.client.RestTemplate - HTTP GET https://httpbin.org/status/200
2025-11-04 22:12:49.202 [scheduling-1] DEBUG [] o.s.web.client.RestTemplate - Accept=[text/plain, application/json, application/yaml, application/*+json, */*]
2025-11-04 22:12:52.231 [scheduling-1] DEBUG [] o.s.web.client.RestTemplate - Response 200 OK
2025-11-04 22:13:02.555 [http-nio-8080-exec-3] DEBUG [] o.s.security.web.FilterChainProxy - Securing GET /index.html
2025-11-04 22:13:02.558 [http-nio-8080-exec-3] WARN  [] c.d.d.s.jwt.JwtAuthenticationFilter - Header 'Authorization' ausente ou mal formatado
2025-11-04 22:13:02.559 [http-nio-8080-exec-3] DEBUG [] o.s.s.w.a.AnonymousAuthenticationFilter - Set SecurityContextHolder to anonymous SecurityContext
2025-11-04 22:13:03.209 [http-nio-8080-exec-4] DEBUG [] o.s.security.web.FilterChainProxy - Securing GET /favicon.ico
2025-11-04 22:13:03.211 [http-nio-8080-exec-4] WARN  [] c.d.d.s.jwt.JwtAuthenticationFilter - Header 'Authorization' ausente ou mal formatado
2025-11-04 22:13:03.212 [http-nio-8080-exec-4] DEBUG [] o.s.s.w.a.AnonymousAuthenticationFilter - Set SecurityContextHolder to anonymous SecurityContext
2025-11-04 22:13:11.343 [http-nio-8080-exec-5] DEBUG [] o.s.security.web.FilterChainProxy - Securing GET /index.html
2025-11-04 22:13:11.346 [http-nio-8080-exec-5] WARN  [] c.d.d.s.jwt.JwtAuthenticationFilter - Header 'Authorization' ausente ou mal formatado
2025-11-04 22:13:11.347 [http-nio-8080-exec-5] DEBUG [] o.s.s.w.a.AnonymousAuthenticationFilter - Set SecurityContextHolder to anonymous SecurityContext
2025-11-04 22:13:11.435 [http-nio-8080-exec-6] DEBUG [] o.s.security.web.FilterChainProxy - Securing GET /favicon.ico
2025-11-04 22:13:11.436 [http-nio-8080-exec-6] WARN  [] c.d.d.s.jwt.JwtAuthenticationFilter - Header 'Authorization' ausente ou mal formatado
2025-11-04 22:13:11.438 [http-nio-8080-exec-6] DEBUG [] o.s.s.w.a.AnonymousAuthenticationFilter - Set SecurityContextHolder to anonymous SecurityContext
2025-11-04 22:13:19.199 [scheduling-1] INFO  [] c.d.d.service.alert.AlertService - [ALERTS] Verificando métricas e saúde do sistema...
2025-11-04 22:13:19.200 [scheduling-1] DEBUG [] o.s.web.client.RestTemplate - HTTP GET https://httpbin.org/status/200
2025-11-04 22:13:19.201 [scheduling-1] DEBUG [] o.s.web.client.RestTemplate - Accept=[text/plain, application/json, application/yaml, application/*+json, */*]
2025-11-04 22:13:32.520 [scheduling-1] DEBUG [] o.s.web.client.RestTemplate - Response 200 OK
2025-11-04 22:13:49.199 [scheduling-1] INFO  [] c.d.d.service.alert.AlertService - [ALERTS] Verificando métricas e saúde do sistema...
2025-11-04 22:13:49.202 [scheduling-1] DEBUG [] o.s.web.client.RestTemplate - HTTP GET https://httpbin.org/status/200
2025-11-04 22:13:49.203 [scheduling-1] DEBUG [] o.s.web.client.RestTemplate - Accept=[text/plain, application/json, application/yaml, application/*+json, */*]
2025-11-04 22:13:50.826 [scheduling-1] DEBUG [] o.s.web.client.RestTemplate - Response 200 OK
2025-11-04 22:14:19.199 [scheduling-1] INFO  [] c.d.d.service.alert.AlertService - [ALERTS] Verificando métricas e saúde do sistema...
2025-11-04 22:14:19.200 [scheduling-1] DEBUG [] o.s.web.client.RestTemplate - HTTP GET https://httpbin.org/status/200
2025-11-04 22:14:19.201 [scheduling-1] DEBUG [] o.s.web.client.RestTemplate - Accept=[text/plain, application/json, application/yaml, application/*+json, */*]
2025-11-04 22:14:20.816 [scheduling-1] DEBUG [] o.s.web.client.RestTemplate - Response 200 OK
2025-11-04 22:14:49.199 [scheduling-1] INFO  [] c.d.d.service.alert.AlertService - [ALERTS] Verificando métricas e saúde do sistema...
2025-11-04 22:14:49.201 [scheduling-1] DEBUG [] o.s.web.client.RestTemplate - HTTP GET https://httpbin.org/status/200
2025-11-04 22:14:49.203 [scheduling-1] DEBUG [] o.s.web.client.RestTemplate - Accept=[text/plain, application/json, application/yaml, application/*+json, */*]
2025-11-04 22:14:52.441 [scheduling-1] DEBUG [] o.s.web.client.RestTemplate - Response 200 OK
2025-11-04 22:15:19.199 [scheduling-1] INFO  [] c.d.d.service.alert.AlertService - [ALERTS] Verificando métricas e saúde do sistema...
2025-11-04 22:15:19.200 [scheduling-1] DEBUG [] o.s.web.client.RestTemplate - HTTP GET https://httpbin.org/status/200
2025-11-04 22:15:19.201 [scheduling-1] DEBUG [] o.s.web.client.RestTemplate - Accept=[text/plain, application/json, application/yaml, application/*+json, */*]
2025-11-04 22:15:38.531 [scheduling-1] DEBUG [] o.s.web.client.RestTemplate - Response 200 OK
2025-11-04 22:15:49.199 [scheduling-1] INFO  [] c.d.d.service.alert.AlertService - [ALERTS] Verificando métricas e saúde do sistema...
2025-11-04 22:15:50.805 [scheduling-1] DEBUG [] o.s.web.client.RestTemplate - HTTP GET https://httpbin.org/status/200
2025-11-04 22:15:50.806 [scheduling-1] DEBUG [] o.s.web.client.RestTemplate - Accept=[text/plain, application/json, application/yaml, application/*+json, */*]
2025-11-04 22:15:55.377 [scheduling-1] DEBUG [] o.s.web.client.RestTemplate - Response 200 OK
