{"timestamp":"2025-11-04 22:08:04.448","level":"INFO","thread":"restartedMain","correlationId":"","logger":"c.d.delivery.DeliveryApiApplication","message":"Starting DeliveryApiApplication using Java 21.0.9 with PID 667819 (/home/dimas/Documentos/GitHub/delivery-api/target/classes started by dimas in /home/dimas/Documentos/GitHub/delivery-api)","exception":""}
{"timestamp":"2025-11-04 22:08:05.179","level":"DEBUG","thread":"restartedMain","correlationId":"","logger":"c.d.delivery.DeliveryApiApplication","message":"Running with Spring Boot v3.5.6, Spring v6.2.11","exception":""}
{"timestamp":"2025-11-04 22:08:05.181","level":"INFO","thread":"restartedMain","correlationId":"","logger":"c.d.delivery.DeliveryApiApplication","message":"No active profile set, falling back to 1 default profile: "default"","exception":""}
{"timestamp":"2025-11-04 22:08:07.697","level":"INFO","thread":"restartedMain","correlationId":"","logger":"o.s.b.d.e.DevToolsPropertyDefaultsPostProcessor","message":"Devtools property defaults active! Set 'spring.devtools.add-properties' to 'false' to disable","exception":""}
{"timestamp":"2025-11-04 22:08:07.698","level":"INFO","thread":"restartedMain","correlationId":"","logger":"o.s.b.d.e.DevToolsPropertyDefaultsPostProcessor","message":"For additional web related logging consider setting the 'logging.level.web' property to 'DEBUG'","exception":""}
{"timestamp":"2025-11-04 22:08:36.221","level":"INFO","thread":"restartedMain","correlationId":"","logger":"o.s.d.r.c.RepositoryConfigurationDelegate","message":"Multiple Spring Data modules found, entering strict repository configuration mode","exception":""}
{"timestamp":"2025-11-04 22:08:36.248","level":"INFO","thread":"restartedMain","correlationId":"","logger":"o.s.d.r.c.RepositoryConfigurationDelegate","message":"Bootstrapping Spring Data JPA repositories in DEFAULT mode.","exception":""}
{"timestamp":"2025-11-04 22:08:40.063","level":"INFO","thread":"restartedMain","correlationId":"","logger":"o.s.d.r.c.RepositoryConfigurationDelegate","message":"Finished Spring Data repository scanning in 3678 ms. Found 5 JPA repository interfaces.","exception":""}
{"timestamp":"2025-11-04 22:08:40.598","level":"INFO","thread":"restartedMain","correlationId":"","logger":"o.s.d.r.c.RepositoryConfigurationDelegate","message":"Multiple Spring Data modules found, entering strict repository configuration mode","exception":""}
{"timestamp":"2025-11-04 22:08:40.704","level":"INFO","thread":"restartedMain","correlationId":"","logger":"o.s.d.r.c.RepositoryConfigurationDelegate","message":"Bootstrapping Spring Data Redis repositories in DEFAULT mode.","exception":""}
{"timestamp":"2025-11-04 22:08:41.117","level":"INFO","thread":"restartedMain","correlationId":"","logger":"o.s.d.r.c.RepositoryConfigurationExtensionSupport","message":"Spring Data Redis - Could not safely identify store assignment for repository candidate interface com.deliverytech.delivery.repository.ClienteRepository; If you want this repository to be a Redis repository, consider annotating your entities with one of these annotations: org.springframework.data.redis.core.RedisHash (preferred), or consider extending one of the following types with your repository: org.springframework.data.keyvalue.repository.KeyValueRepository","exception":""}
{"timestamp":"2025-11-04 22:08:41.118","level":"INFO","thread":"restartedMain","correlationId":"","logger":"o.s.d.r.c.RepositoryConfigurationExtensionSupport","message":"Spring Data Redis - Could not safely identify store assignment for repository candidate interface com.deliverytech.delivery.repository.PedidoRepository; If you want this repository to be a Redis repository, consider annotating your entities with one of these annotations: org.springframework.data.redis.core.RedisHash (preferred), or consider extending one of the following types with your repository: org.springframework.data.keyvalue.repository.KeyValueRepository","exception":""}
{"timestamp":"2025-11-04 22:08:41.119","level":"INFO","thread":"restartedMain","correlationId":"","logger":"o.s.d.r.c.RepositoryConfigurationExtensionSupport","message":"Spring Data Redis - Could not safely identify store assignment for repository candidate interface com.deliverytech.delivery.repository.ProdutoRepository; If you want this repository to be a Redis repository, consider annotating your entities with one of these annotations: org.springframework.data.redis.core.RedisHash (preferred), or consider extending one of the following types with your repository: org.springframework.data.keyvalue.repository.KeyValueRepository","exception":""}
{"timestamp":"2025-11-04 22:08:41.120","level":"INFO","thread":"restartedMain","correlationId":"","logger":"o.s.d.r.c.RepositoryConfigurationExtensionSupport","message":"Spring Data Redis - Could not safely identify store assignment for repository candidate interface com.deliverytech.delivery.repository.RestauranteRepository; If you want this repository to be a Redis repository, consider annotating your entities with one of these annotations: org.springframework.data.redis.core.RedisHash (preferred), or consider extending one of the following types with your repository: org.springframework.data.keyvalue.repository.KeyValueRepository","exception":""}
{"timestamp":"2025-11-04 22:08:41.124","level":"INFO","thread":"restartedMain","correlationId":"","logger":"o.s.d.r.c.RepositoryConfigurationExtensionSupport","message":"Spring Data Redis - Could not safely identify store assignment for repository candidate interface com.deliverytech.delivery.repository.auth.UsuarioRepository; If you want this repository to be a Redis repository, consider annotating your entities with one of these annotations: org.springframework.data.redis.core.RedisHash (preferred), or consider extending one of the following types with your repository: org.springframework.data.keyvalue.repository.KeyValueRepository","exception":""}
{"timestamp":"2025-11-04 22:08:41.128","level":"INFO","thread":"restartedMain","correlationId":"","logger":"o.s.d.r.c.RepositoryConfigurationDelegate","message":"Finished Spring Data repository scanning in 32 ms. Found 0 Redis repository interfaces.","exception":""}
{"timestamp":"2025-11-04 22:08:51.441","level":"INFO","thread":"restartedMain","correlationId":"","logger":"o.s.b.w.e.tomcat.TomcatWebServer","message":"Tomcat initialized with port 8080 (http)","exception":""}
{"timestamp":"2025-11-04 22:08:51.709","level":"INFO","thread":"restartedMain","correlationId":"","logger":"o.a.coyote.http11.Http11NioProtocol","message":"Initializing ProtocolHandler ["http-nio-8080"]","exception":""}
{"timestamp":"2025-11-04 22:08:51.816","level":"INFO","thread":"restartedMain","correlationId":"","logger":"o.a.catalina.core.StandardService","message":"Starting service [Tomcat]","exception":""}
{"timestamp":"2025-11-04 22:08:51.817","level":"INFO","thread":"restartedMain","correlationId":"","logger":"o.a.catalina.core.StandardEngine","message":"Starting Servlet engine: [Apache Tomcat/10.1.46]","exception":""}
{"timestamp":"2025-11-04 22:08:52.516","level":"INFO","thread":"restartedMain","correlationId":"","logger":"o.a.c.c.C.[Tomcat].[localhost].[/]","message":"Initializing Spring embedded WebApplicationContext","exception":""}
{"timestamp":"2025-11-04 22:08:52.519","level":"INFO","thread":"restartedMain","correlationId":"","logger":"o.s.b.w.s.c.ServletWebServerApplicationContext","message":"Root WebApplicationContext: initialization completed in 44818 ms","exception":""}
{"timestamp":"2025-11-04 22:09:02.914","level":"DEBUG","thread":"restartedMain","correlationId":"","logger":"c.d.d.s.jwt.JwtAuthenticationFilter","message":"Filter 'jwtAuthenticationFilter' configured for use","exception":""}
{"timestamp":"2025-11-04 22:09:02.916","level":"DEBUG","thread":"restartedMain","correlationId":"","logger":"o.s.w.f.ServerHttpObservationFilter","message":"Filter 'webMvcObservationFilter' configured for use","exception":""}
{"timestamp":"2025-11-04 22:09:02.917","level":"DEBUG","thread":"restartedMain","correlationId":"","logger":"o.s.w.s.r.ResourceUrlEncodingFilter","message":"Filter 'resourceUrlEncodingFilter' configured for use","exception":""}
{"timestamp":"2025-11-04 22:09:31.788","level":"INFO","thread":"restartedMain","correlationId":"","logger":"o.s.o.j.p.SpringPersistenceUnitInfo","message":"No LoadTimeWeaver setup: ignoring JPA class transformer","exception":""}
{"timestamp":"2025-11-04 22:09:32.126","level":"INFO","thread":"restartedMain","correlationId":"","logger":"com.zaxxer.hikari.HikariDataSource","message":"HikariPool-1 - Starting...","exception":""}
{"timestamp":"2025-11-04 22:09:33.925","level":"INFO","thread":"restartedMain","correlationId":"","logger":"com.zaxxer.hikari.pool.HikariPool","message":"HikariPool-1 - Added connection conn0: url=jdbc:h2:mem:deliverydb user=SA","exception":""}
{"timestamp":"2025-11-04 22:09:33.930","level":"INFO","thread":"restartedMain","correlationId":"","logger":"com.zaxxer.hikari.HikariDataSource","message":"HikariPool-1 - Start completed.","exception":""}
{"timestamp":"2025-11-04 22:09:34.108","level":"WARN","thread":"restartedMain","correlationId":"","logger":"org.hibernate.orm.deprecation","message":"HHH90000025: H2Dialect does not need to be specified explicitly using 'hibernate.dialect' (remove the property setting and it will be selected by default)","exception":""}
{"timestamp":"2025-11-04 22:09:48.515","level":"DEBUG","thread":"restartedMain","correlationId":"","logger":"org.hibernate.SQL","message":"
    drop table if exists cliente cascade ","exception":""}
{"timestamp":"2025-11-04 22:09:48.896","level":"DEBUG","thread":"restartedMain","correlationId":"","logger":"org.hibernate.SQL","message":"
    drop table if exists itens_pedido cascade ","exception":""}
{"timestamp":"2025-11-04 22:09:48.898","level":"DEBUG","thread":"restartedMain","correlationId":"","logger":"org.hibernate.SQL","message":"
    drop table if exists pedido cascade ","exception":""}
{"timestamp":"2025-11-04 22:09:48.899","level":"DEBUG","thread":"restartedMain","correlationId":"","logger":"org.hibernate.SQL","message":"
    drop table if exists produto cascade ","exception":""}
{"timestamp":"2025-11-04 22:09:48.900","level":"DEBUG","thread":"restartedMain","correlationId":"","logger":"org.hibernate.SQL","message":"
    drop table if exists restaurante cascade ","exception":""}
{"timestamp":"2025-11-04 22:09:48.900","level":"DEBUG","thread":"restartedMain","correlationId":"","logger":"org.hibernate.SQL","message":"
    drop table if exists usuario cascade ","exception":""}
{"timestamp":"2025-11-04 22:09:50.178","level":"DEBUG","thread":"restartedMain","correlationId":"","logger":"org.hibernate.SQL","message":"
    create table cliente (
        ativo boolean not null,
        data_cadastro timestamp(6) not null,
        id bigint generated by default as identity,
        cpf varchar(11) not null unique,
        telefone varchar(15),
        email varchar(100) not null unique,
        nome varchar(100) not null,
        endereco varchar(255),
        primary key (id)
    )","exception":""}
{"timestamp":"2025-11-04 22:09:50.238","level":"DEBUG","thread":"restartedMain","correlationId":"","logger":"org.hibernate.SQL","message":"
    create table itens_pedido (
        preco_unitario numeric(38,2) not null,
        quantidade integer not null check (quantidade>=1),
        subtotal numeric(38,2) not null,
        id bigint generated by default as identity,
        pedido_id bigint not null,
        produto_id bigint not null,
        primary key (id)
    )","exception":""}
{"timestamp":"2025-11-04 22:09:50.247","level":"DEBUG","thread":"restartedMain","correlationId":"","logger":"org.hibernate.SQL","message":"
    create table pedido (
        subtotal numeric(38,2),
        taxa_entrega numeric(38,2),
        valor_total numeric(38,2),
        cliente_id bigint not null,
        data_pedido timestamp(6),
        id bigint generated by default as identity,
        restaurante_id bigint not null,
        endereco_entrega varchar(255),
        numero_pedido varchar(255) not null unique,
        observacoes TEXT,
        status enum ('CANCELADO','CONFIRMADO','ENTREGUE','PENDENTE','PREPARANDO','SAIU_PARA_ENTREGA'),
        primary key (id)
    )","exception":""}
{"timestamp":"2025-11-04 22:09:50.251","level":"DEBUG","thread":"restartedMain","correlationId":"","logger":"org.hibernate.SQL","message":"
    create table produto (
        disponivel boolean,
        estoque integer not null,
        preco numeric(38,2) not null,
        id bigint generated by default as identity,
        restaurante_id bigint,
        nome varchar(100) not null,
        categoria varchar(255),
        descricao varchar(255),
        primary key (id)
    )","exception":""}
{"timestamp":"2025-11-04 22:09:50.254","level":"DEBUG","thread":"restartedMain","correlationId":"","logger":"org.hibernate.SQL","message":"
    create table restaurante (
        ativo boolean,
        avaliacao numeric(3,2),
        taxa_entrega numeric(38,2),
        tempo_entrega integer,
        id bigint generated by default as identity,
        nome varchar(100) not null,
        categoria varchar(255) not null,
        endereco varchar(255) not null,
        horario_funcionamento varchar(255),
        telefone varchar(255) not null,
        primary key (id)
    )","exception":""}
{"timestamp":"2025-11-04 22:09:50.257","level":"DEBUG","thread":"restartedMain","correlationId":"","logger":"org.hibernate.SQL","message":"
    create table usuario (
        ativo boolean not null,
        data_criacao timestamp(6) not null,
        id bigint generated by default as identity,
        restaurante_id bigint,
        email varchar(100) not null unique,
        nome varchar(100) not null,
        senha varchar(255) not null,
        role enum ('ADMIN','CLIENTE','ENTREGADOR','RESTAURANTE') not null,
        primary key (id)
    )","exception":""}
{"timestamp":"2025-11-04 22:09:50.261","level":"DEBUG","thread":"restartedMain","correlationId":"","logger":"org.hibernate.SQL","message":"
    alter table if exists itens_pedido 
       add constraint FKdrlbqwi9u15b2nnaj826e229x 
       foreign key (pedido_id) 
       references pedido","exception":""}
{"timestamp":"2025-11-04 22:09:50.637","level":"DEBUG","thread":"restartedMain","correlationId":"","logger":"org.hibernate.SQL","message":"
    alter table if exists itens_pedido 
       add constraint FK3uo2duj20r2i4mwplv4vb26u6 
       foreign key (produto_id) 
       references produto","exception":""}
{"timestamp":"2025-11-04 22:09:50.642","level":"DEBUG","thread":"restartedMain","correlationId":"","logger":"org.hibernate.SQL","message":"
    alter table if exists pedido 
       add constraint FK30s8j2ktpay6of18lbyqn3632 
       foreign key (cliente_id) 
       references cliente","exception":""}
{"timestamp":"2025-11-04 22:09:50.663","level":"DEBUG","thread":"restartedMain","correlationId":"","logger":"org.hibernate.SQL","message":"
    alter table if exists pedido 
       add constraint FK3eud5cqmgsnltyk704hu3qj71 
       foreign key (restaurante_id) 
       references restaurante","exception":""}
{"timestamp":"2025-11-04 22:09:50.668","level":"DEBUG","thread":"restartedMain","correlationId":"","logger":"org.hibernate.SQL","message":"
    alter table if exists produto 
       add constraint FKb9jhjyghjcn25guim7q4pt8qx 
       foreign key (restaurante_id) 
       references restaurante","exception":""}
{"timestamp":"2025-11-04 22:09:50.680","level":"INFO","thread":"restartedMain","correlationId":"","logger":"o.s.o.j.LocalContainerEntityManagerFactoryBean","message":"Initialized JPA EntityManagerFactory for persistence unit 'default'","exception":""}
{"timestamp":"2025-11-04 22:10:05.974","level":"INFO","thread":"restartedMain","correlationId":"","logger":"o.s.d.j.r.query.QueryEnhancerFactory","message":"Hibernate is in classpath; If applicable, HQL parser will be used.","exception":""}
{"timestamp":"2025-11-04 22:10:15.786","level":"INFO","thread":"restartedMain","correlationId":"","logger":"o.s.s.c.a.a.c.InitializeUserDetailsBeanManagerConfigurer$InitializeUserDetailsManagerConfigurer","message":"Global AuthenticationManager configured with UserDetailsService bean with name authService","exception":""}
{"timestamp":"2025-11-04 22:10:22.747","level":"INFO","thread":"restartedMain","correlationId":"","logger":"o.s.b.a.w.s.WelcomePageHandlerMapping","message":"Adding welcome page template: index","exception":""}
{"timestamp":"2025-11-04 22:10:25.001","level":"DEBUG","thread":"restartedMain","correlationId":"","logger":"o.s.w.s.m.m.a.RequestMappingHandlerMapping","message":"52 mappings in 'requestMappingHandlerMapping'","exception":""}
{"timestamp":"2025-11-04 22:10:27.732","level":"DEBUG","thread":"restartedMain","correlationId":"","logger":"o.s.w.s.h.SimpleUrlHandlerMapping","message":"Patterns [/webjars/**, /**, /swagger-ui*/*swagger-initializer.js, /swagger-ui*/**] in 'resourceHandlerMapping'","exception":""}
{"timestamp":"2025-11-04 22:10:30.906","level":"INFO","thread":"restartedMain","correlationId":"","logger":"o.s.b.a.e.web.EndpointLinksResolver","message":"Exposing 6 endpoints beneath base path '/actuator'","exception":""}
{"timestamp":"2025-11-04 22:10:31.287","level":"DEBUG","thread":"restartedMain","correlationId":"","logger":"o.s.s.web.DefaultSecurityFilterChain","message":"Will secure any request with filters: DisableEncodeUrlFilter, WebAsyncManagerIntegrationFilter, SecurityContextHolderFilter, HeaderWriterFilter, CorsFilter, LogoutFilter, JwtAuthenticationFilter, RequestCacheAwareFilter, SecurityContextHolderAwareRequestFilter, AnonymousAuthenticationFilter, SessionManagementFilter, ExceptionTranslationFilter, AuthorizationFilter","exception":""}
{"timestamp":"2025-11-04 22:10:32.597","level":"DEBUG","thread":"restartedMain","correlationId":"","logger":"o.s.w.s.m.m.a.RequestMappingHandlerAdapter","message":"ControllerAdvice beans: 0 @ModelAttribute, 0 @InitBinder, 1 RequestBodyAdvice, 1 ResponseBodyAdvice","exception":""}
{"timestamp":"2025-11-04 22:10:35.963","level":"DEBUG","thread":"restartedMain","correlationId":"","logger":"o.s.w.s.m.m.a.ExceptionHandlerExceptionResolver","message":"ControllerAdvice beans: 2 @ExceptionHandler, 1 ResponseBodyAdvice","exception":""}
{"timestamp":"2025-11-04 22:10:44.828","level":"INFO","thread":"restartedMain","correlationId":"","logger":"o.s.b.a.h.H2ConsoleAutoConfiguration","message":"H2 console available at '/h2-console'. Database available at 'jdbc:h2:mem:deliverydb'","exception":""}
{"timestamp":"2025-11-04 22:10:47.513","level":"INFO","thread":"restartedMain","correlationId":"","logger":"o.s.b.d.a.OptionalLiveReloadServer","message":"LiveReload server is running on port 35729","exception":""}
{"timestamp":"2025-11-04 22:10:48.451","level":"INFO","thread":"restartedMain","correlationId":"","logger":"o.a.coyote.http11.Http11NioProtocol","message":"Starting ProtocolHandler ["http-nio-8080"]","exception":""}
{"timestamp":"2025-11-04 22:10:49.112","level":"INFO","thread":"restartedMain","correlationId":"","logger":"o.s.b.w.e.tomcat.TomcatWebServer","message":"Tomcat started on port 8080 (http) with context path '/'","exception":""}
{"timestamp":"2025-11-04 22:10:49.341","level":"INFO","thread":"restartedMain","correlationId":"","logger":"c.d.delivery.DeliveryApiApplication","message":"Started DeliveryApiApplication in 177.566 seconds (process running for 191.363)","exception":""}
{"timestamp":"2025-11-04 22:10:49.945","level":"INFO","thread":"scheduling-1","correlationId":"","logger":"c.d.d.service.alert.AlertService","message":"[ALERTS] Verificando métricas e saúde do sistema...","exception":""}
{"timestamp":"2025-11-04 22:10:51.380","level":"DEBUG","thread":"scheduling-1","correlationId":"","logger":"o.s.web.client.RestTemplate","message":"HTTP GET https://httpbin.org/status/200","exception":""}
{"timestamp":"2025-11-04 22:10:51.615","level":"DEBUG","thread":"scheduling-1","correlationId":"","logger":"o.s.web.client.RestTemplate","message":"Accept=[text/plain, application/json, application/yaml, application/*+json, */*]","exception":""}
{"timestamp":"2025-11-04 22:11:06.905","level":"DEBUG","thread":"scheduling-1","correlationId":"","logger":"o.s.web.client.RestTemplate","message":"Response 200 OK","exception":""}
{"timestamp":"2025-11-04 22:11:08.830","level":"WARN","thread":"AsyncReporter{ZipkinHttpClientSender{http://localhost:9411/api/v2/spans}}","correlationId":"","logger":"z.r.i.AsyncReporter$BoundedAsyncReporter","message":"Spans were dropped due to exceptions. All subsequent errors will be logged at FINE level.","exception":""}
{"timestamp":"2025-11-04 22:11:08.831","level":"WARN","thread":"AsyncReporter{ZipkinHttpClientSender{http://localhost:9411/api/v2/spans}}","correlationId":"","logger":"z.r.i.AsyncReporter$BoundedAsyncReporter","message":"Dropped 2 spans due to ConnectException()","exception":"java.net.ConnectException: null
	at java.net.http/jdk.internal.net.http.HttpClientImpl.send(HttpClientImpl.java:955)
	at java.net.http/jdk.internal.net.http.HttpClientFacade.send(HttpClientFacade.java:133)
	at org.springframework.boot.actuate.autoconfigure.tracing.zipkin.ZipkinHttpClientSender.postSpans(ZipkinHttpClientSender.java:60)
	at org.springframework.boot.actuate.autoconfigure.tracing.zipkin.HttpSender.postSpans(HttpSender.java:69)
	at org.springframework.boot.actuate.autoconfigure.tracing.zipkin.HttpSender.postSpans(HttpSender.java:41)
	at zipkin2.reporter.BaseHttpSender.send(BaseHttpSender.java:123)
	at zipkin2.reporter.internal.AsyncReporter$BoundedAsyncReporter.flush(AsyncReporter.java:266)
	at zipkin2.reporter.internal.AsyncReporter$Flusher.run(AsyncReporter.java:352)
	at java.base/java.lang.Thread.run(Thread.java:1583)
Caused by: java.net.ConnectException: null
	at java.net.http/jdk.internal.net.http.common.Utils.toConnectException(Utils.java:1065)
	at java.net.http/jdk.internal.net.http.PlainHttpConnection.connectAsync(PlainHttpConnection.java:227)
	at java.net.http/jdk.internal.net.http.PlainHttpConnection.checkRetryConnect(PlainHttpConnection.java:280)
	at java.net.http/jdk.internal.net.http.PlainHttpConnection.lambda$connectAsync$2(PlainHttpConnection.java:238)
	at java.base/java.util.concurrent.CompletableFuture.uniHandle(CompletableFuture.java:934)
	at java.base/java.util.concurrent.CompletableFuture$UniHandle.tryFire(CompletableFuture.java:911)
	at java.base/java.util.concurrent.CompletableFuture.postComplete(CompletableFuture.java:510)
	at java.base/java.util.concurrent.CompletableFuture$AsyncSupply.run(CompletableFuture.java:1773)
	at java.base/java.util.concurrent.ThreadPoolExecutor.runWorker(ThreadPoolExecutor.java:1144)
	at java.base/java.util.concurrent.ThreadPoolExecutor$Worker.run(ThreadPoolExecutor.java:642)
	... 1 common frames omitted
Caused by: java.nio.channels.ClosedChannelException: null
	at java.base/sun.nio.ch.SocketChannelImpl.ensureOpen(SocketChannelImpl.java:202)
	at java.base/sun.nio.ch.SocketChannelImpl.beginConnect(SocketChannelImpl.java:786)
	at java.base/sun.nio.ch.SocketChannelImpl.connect(SocketChannelImpl.java:874)
	at java.net.http/jdk.internal.net.http.PlainHttpConnection.lambda$connectAsync$1(PlainHttpConnection.java:210)
	at java.base/java.security.AccessController.doPrivileged(AccessController.java:571)
	at java.net.http/jdk.internal.net.http.PlainHttpConnection.connectAsync(PlainHttpConnection.java:212)
	... 9 common frames omitted
"}
{"timestamp":"2025-11-04 22:11:19.199","level":"INFO","thread":"scheduling-1","correlationId":"","logger":"c.d.d.service.alert.AlertService","message":"[ALERTS] Verificando métricas e saúde do sistema...","exception":""}
{"timestamp":"2025-11-04 22:11:19.200","level":"DEBUG","thread":"scheduling-1","correlationId":"","logger":"o.s.web.client.RestTemplate","message":"HTTP GET https://httpbin.org/status/200","exception":""}
{"timestamp":"2025-11-04 22:11:19.201","level":"DEBUG","thread":"scheduling-1","correlationId":"","logger":"o.s.web.client.RestTemplate","message":"Accept=[text/plain, application/json, application/yaml, application/*+json, */*]","exception":""}
{"timestamp":"2025-11-04 22:11:20.636","level":"DEBUG","thread":"scheduling-1","correlationId":"","logger":"o.s.web.client.RestTemplate","message":"Response 200 OK","exception":""}
{"timestamp":"2025-11-04 22:11:49.199","level":"INFO","thread":"scheduling-1","correlationId":"","logger":"c.d.d.service.alert.AlertService","message":"[ALERTS] Verificando métricas e saúde do sistema...","exception":""}
{"timestamp":"2025-11-04 22:11:49.200","level":"DEBUG","thread":"scheduling-1","correlationId":"","logger":"o.s.web.client.RestTemplate","message":"HTTP GET https://httpbin.org/status/200","exception":""}
{"timestamp":"2025-11-04 22:11:49.201","level":"DEBUG","thread":"scheduling-1","correlationId":"","logger":"o.s.web.client.RestTemplate","message":"Accept=[text/plain, application/json, application/yaml, application/*+json, */*]","exception":""}
{"timestamp":"2025-11-04 22:11:51.293","level":"DEBUG","thread":"scheduling-1","correlationId":"","logger":"o.s.web.client.RestTemplate","message":"Response 200 OK","exception":""}
{"timestamp":"2025-11-04 22:12:17.201","level":"INFO","thread":"http-nio-8080-exec-1","correlationId":"","logger":"o.a.c.c.C.[Tomcat].[localhost].[/]","message":"Initializing Spring DispatcherServlet 'dispatcherServlet'","exception":""}
{"timestamp":"2025-11-04 22:12:17.202","level":"INFO","thread":"http-nio-8080-exec-1","correlationId":"","logger":"o.s.web.servlet.DispatcherServlet","message":"Initializing Servlet 'dispatcherServlet'","exception":""}
{"timestamp":"2025-11-04 22:12:17.202","level":"DEBUG","thread":"http-nio-8080-exec-1","correlationId":"","logger":"o.s.web.servlet.DispatcherServlet","message":"Detected StandardServletMultipartResolver","exception":""}
{"timestamp":"2025-11-04 22:12:17.203","level":"DEBUG","thread":"http-nio-8080-exec-1","correlationId":"","logger":"o.s.web.servlet.DispatcherServlet","message":"Detected AcceptHeaderLocaleResolver","exception":""}
{"timestamp":"2025-11-04 22:12:17.203","level":"DEBUG","thread":"http-nio-8080-exec-1","correlationId":"","logger":"o.s.web.servlet.DispatcherServlet","message":"Detected FixedThemeResolver","exception":""}
{"timestamp":"2025-11-04 22:12:17.205","level":"DEBUG","thread":"http-nio-8080-exec-1","correlationId":"","logger":"o.s.web.servlet.DispatcherServlet","message":"Detected org.springframework.web.servlet.view.DefaultRequestToViewNameTranslator@23fa540f","exception":""}
{"timestamp":"2025-11-04 22:12:17.206","level":"DEBUG","thread":"http-nio-8080-exec-1","correlationId":"","logger":"o.s.web.servlet.DispatcherServlet","message":"Detected org.springframework.web.servlet.support.SessionFlashMapManager@14e1bea4","exception":""}
{"timestamp":"2025-11-04 22:12:17.207","level":"DEBUG","thread":"http-nio-8080-exec-1","correlationId":"","logger":"o.s.web.servlet.DispatcherServlet","message":"enableLoggingRequestDetails='false': request parameters and headers will be masked to prevent unsafe logging of potentially sensitive data","exception":""}
{"timestamp":"2025-11-04 22:12:17.208","level":"INFO","thread":"http-nio-8080-exec-1","correlationId":"","logger":"o.s.web.servlet.DispatcherServlet","message":"Completed initialization in 5 ms","exception":""}
{"timestamp":"2025-11-04 22:12:18.117","level":"DEBUG","thread":"http-nio-8080-exec-1","correlationId":"","logger":"o.s.security.web.FilterChainProxy","message":"Securing GET /","exception":""}
{"timestamp":"2025-11-04 22:12:18.283","level":"WARN","thread":"http-nio-8080-exec-1","correlationId":"","logger":"c.d.d.s.jwt.JwtAuthenticationFilter","message":"Header 'Authorization' ausente ou mal formatado","exception":""}
{"timestamp":"2025-11-04 22:12:18.348","level":"DEBUG","thread":"http-nio-8080-exec-1","correlationId":"","logger":"o.s.s.w.a.AnonymousAuthenticationFilter","message":"Set SecurityContextHolder to anonymous SecurityContext","exception":""}
{"timestamp":"2025-11-04 22:12:19.199","level":"INFO","thread":"scheduling-1","correlationId":"","logger":"c.d.d.service.alert.AlertService","message":"[ALERTS] Verificando métricas e saúde do sistema...","exception":""}
{"timestamp":"2025-11-04 22:12:19.200","level":"DEBUG","thread":"scheduling-1","correlationId":"","logger":"o.s.web.client.RestTemplate","message":"HTTP GET https://httpbin.org/status/200","exception":""}
{"timestamp":"2025-11-04 22:12:19.201","level":"DEBUG","thread":"scheduling-1","correlationId":"","logger":"o.s.web.client.RestTemplate","message":"Accept=[text/plain, application/json, application/yaml, application/*+json, */*]","exception":""}
{"timestamp":"2025-11-04 22:12:20.920","level":"DEBUG","thread":"scheduling-1","correlationId":"","logger":"o.s.web.client.RestTemplate","message":"Response 200 OK","exception":""}
{"timestamp":"2025-11-04 22:12:27.084","level":"DEBUG","thread":"http-nio-8080-exec-2","correlationId":"","logger":"o.s.security.web.FilterChainProxy","message":"Securing GET /favicon.ico","exception":""}
{"timestamp":"2025-11-04 22:12:27.087","level":"WARN","thread":"http-nio-8080-exec-2","correlationId":"","logger":"c.d.d.s.jwt.JwtAuthenticationFilter","message":"Header 'Authorization' ausente ou mal formatado","exception":""}
{"timestamp":"2025-11-04 22:12:27.088","level":"DEBUG","thread":"http-nio-8080-exec-2","correlationId":"","logger":"o.s.s.w.a.AnonymousAuthenticationFilter","message":"Set SecurityContextHolder to anonymous SecurityContext","exception":""}
{"timestamp":"2025-11-04 22:12:49.199","level":"INFO","thread":"scheduling-1","correlationId":"","logger":"c.d.d.service.alert.AlertService","message":"[ALERTS] Verificando métricas e saúde do sistema...","exception":""}
{"timestamp":"2025-11-04 22:12:49.201","level":"DEBUG","thread":"scheduling-1","correlationId":"","logger":"o.s.web.client.RestTemplate","message":"HTTP GET https://httpbin.org/status/200","exception":""}
{"timestamp":"2025-11-04 22:12:49.202","level":"DEBUG","thread":"scheduling-1","correlationId":"","logger":"o.s.web.client.RestTemplate","message":"Accept=[text/plain, application/json, application/yaml, application/*+json, */*]","exception":""}
{"timestamp":"2025-11-04 22:12:52.231","level":"DEBUG","thread":"scheduling-1","correlationId":"","logger":"o.s.web.client.RestTemplate","message":"Response 200 OK","exception":""}
{"timestamp":"2025-11-04 22:13:02.555","level":"DEBUG","thread":"http-nio-8080-exec-3","correlationId":"","logger":"o.s.security.web.FilterChainProxy","message":"Securing GET /index.html","exception":""}
{"timestamp":"2025-11-04 22:13:02.558","level":"WARN","thread":"http-nio-8080-exec-3","correlationId":"","logger":"c.d.d.s.jwt.JwtAuthenticationFilter","message":"Header 'Authorization' ausente ou mal formatado","exception":""}
{"timestamp":"2025-11-04 22:13:02.559","level":"DEBUG","thread":"http-nio-8080-exec-3","correlationId":"","logger":"o.s.s.w.a.AnonymousAuthenticationFilter","message":"Set SecurityContextHolder to anonymous SecurityContext","exception":""}
{"timestamp":"2025-11-04 22:13:03.209","level":"DEBUG","thread":"http-nio-8080-exec-4","correlationId":"","logger":"o.s.security.web.FilterChainProxy","message":"Securing GET /favicon.ico","exception":""}
{"timestamp":"2025-11-04 22:13:03.211","level":"WARN","thread":"http-nio-8080-exec-4","correlationId":"","logger":"c.d.d.s.jwt.JwtAuthenticationFilter","message":"Header 'Authorization' ausente ou mal formatado","exception":""}
{"timestamp":"2025-11-04 22:13:03.212","level":"DEBUG","thread":"http-nio-8080-exec-4","correlationId":"","logger":"o.s.s.w.a.AnonymousAuthenticationFilter","message":"Set SecurityContextHolder to anonymous SecurityContext","exception":""}
{"timestamp":"2025-11-04 22:13:11.343","level":"DEBUG","thread":"http-nio-8080-exec-5","correlationId":"","logger":"o.s.security.web.FilterChainProxy","message":"Securing GET /index.html","exception":""}
{"timestamp":"2025-11-04 22:13:11.346","level":"WARN","thread":"http-nio-8080-exec-5","correlationId":"","logger":"c.d.d.s.jwt.JwtAuthenticationFilter","message":"Header 'Authorization' ausente ou mal formatado","exception":""}
{"timestamp":"2025-11-04 22:13:11.347","level":"DEBUG","thread":"http-nio-8080-exec-5","correlationId":"","logger":"o.s.s.w.a.AnonymousAuthenticationFilter","message":"Set SecurityContextHolder to anonymous SecurityContext","exception":""}
{"timestamp":"2025-11-04 22:13:11.435","level":"DEBUG","thread":"http-nio-8080-exec-6","correlationId":"","logger":"o.s.security.web.FilterChainProxy","message":"Securing GET /favicon.ico","exception":""}
{"timestamp":"2025-11-04 22:13:11.436","level":"WARN","thread":"http-nio-8080-exec-6","correlationId":"","logger":"c.d.d.s.jwt.JwtAuthenticationFilter","message":"Header 'Authorization' ausente ou mal formatado","exception":""}
{"timestamp":"2025-11-04 22:13:11.438","level":"DEBUG","thread":"http-nio-8080-exec-6","correlationId":"","logger":"o.s.s.w.a.AnonymousAuthenticationFilter","message":"Set SecurityContextHolder to anonymous SecurityContext","exception":""}
{"timestamp":"2025-11-04 22:13:19.199","level":"INFO","thread":"scheduling-1","correlationId":"","logger":"c.d.d.service.alert.AlertService","message":"[ALERTS] Verificando métricas e saúde do sistema...","exception":""}
{"timestamp":"2025-11-04 22:13:19.200","level":"DEBUG","thread":"scheduling-1","correlationId":"","logger":"o.s.web.client.RestTemplate","message":"HTTP GET https://httpbin.org/status/200","exception":""}
{"timestamp":"2025-11-04 22:13:19.201","level":"DEBUG","thread":"scheduling-1","correlationId":"","logger":"o.s.web.client.RestTemplate","message":"Accept=[text/plain, application/json, application/yaml, application/*+json, */*]","exception":""}
{"timestamp":"2025-11-04 22:13:32.520","level":"DEBUG","thread":"scheduling-1","correlationId":"","logger":"o.s.web.client.RestTemplate","message":"Response 200 OK","exception":""}
{"timestamp":"2025-11-04 22:13:49.199","level":"INFO","thread":"scheduling-1","correlationId":"","logger":"c.d.d.service.alert.AlertService","message":"[ALERTS] Verificando métricas e saúde do sistema...","exception":""}
{"timestamp":"2025-11-04 22:13:49.202","level":"DEBUG","thread":"scheduling-1","correlationId":"","logger":"o.s.web.client.RestTemplate","message":"HTTP GET https://httpbin.org/status/200","exception":""}
{"timestamp":"2025-11-04 22:13:49.203","level":"DEBUG","thread":"scheduling-1","correlationId":"","logger":"o.s.web.client.RestTemplate","message":"Accept=[text/plain, application/json, application/yaml, application/*+json, */*]","exception":""}
{"timestamp":"2025-11-04 22:13:50.826","level":"DEBUG","thread":"scheduling-1","correlationId":"","logger":"o.s.web.client.RestTemplate","message":"Response 200 OK","exception":""}
{"timestamp":"2025-11-04 22:14:19.199","level":"INFO","thread":"scheduling-1","correlationId":"","logger":"c.d.d.service.alert.AlertService","message":"[ALERTS] Verificando métricas e saúde do sistema...","exception":""}
{"timestamp":"2025-11-04 22:14:19.200","level":"DEBUG","thread":"scheduling-1","correlationId":"","logger":"o.s.web.client.RestTemplate","message":"HTTP GET https://httpbin.org/status/200","exception":""}
{"timestamp":"2025-11-04 22:14:19.201","level":"DEBUG","thread":"scheduling-1","correlationId":"","logger":"o.s.web.client.RestTemplate","message":"Accept=[text/plain, application/json, application/yaml, application/*+json, */*]","exception":""}
{"timestamp":"2025-11-04 22:14:20.816","level":"DEBUG","thread":"scheduling-1","correlationId":"","logger":"o.s.web.client.RestTemplate","message":"Response 200 OK","exception":""}
{"timestamp":"2025-11-04 22:14:49.199","level":"INFO","thread":"scheduling-1","correlationId":"","logger":"c.d.d.service.alert.AlertService","message":"[ALERTS] Verificando métricas e saúde do sistema...","exception":""}
{"timestamp":"2025-11-04 22:14:49.201","level":"DEBUG","thread":"scheduling-1","correlationId":"","logger":"o.s.web.client.RestTemplate","message":"HTTP GET https://httpbin.org/status/200","exception":""}
{"timestamp":"2025-11-04 22:14:49.203","level":"DEBUG","thread":"scheduling-1","correlationId":"","logger":"o.s.web.client.RestTemplate","message":"Accept=[text/plain, application/json, application/yaml, application/*+json, */*]","exception":""}
{"timestamp":"2025-11-04 22:14:52.441","level":"DEBUG","thread":"scheduling-1","correlationId":"","logger":"o.s.web.client.RestTemplate","message":"Response 200 OK","exception":""}
{"timestamp":"2025-11-04 22:15:19.199","level":"INFO","thread":"scheduling-1","correlationId":"","logger":"c.d.d.service.alert.AlertService","message":"[ALERTS] Verificando métricas e saúde do sistema...","exception":""}
{"timestamp":"2025-11-04 22:15:19.200","level":"DEBUG","thread":"scheduling-1","correlationId":"","logger":"o.s.web.client.RestTemplate","message":"HTTP GET https://httpbin.org/status/200","exception":""}
{"timestamp":"2025-11-04 22:15:19.201","level":"DEBUG","thread":"scheduling-1","correlationId":"","logger":"o.s.web.client.RestTemplate","message":"Accept=[text/plain, application/json, application/yaml, application/*+json, */*]","exception":""}
{"timestamp":"2025-11-04 22:15:38.531","level":"DEBUG","thread":"scheduling-1","correlationId":"","logger":"o.s.web.client.RestTemplate","message":"Response 200 OK","exception":""}
{"timestamp":"2025-11-04 22:15:49.199","level":"INFO","thread":"scheduling-1","correlationId":"","logger":"c.d.d.service.alert.AlertService","message":"[ALERTS] Verificando métricas e saúde do sistema...","exception":""}
{"timestamp":"2025-11-04 22:15:50.805","level":"DEBUG","thread":"scheduling-1","correlationId":"","logger":"o.s.web.client.RestTemplate","message":"HTTP GET https://httpbin.org/status/200","exception":""}
{"timestamp":"2025-11-04 22:15:50.806","level":"DEBUG","thread":"scheduling-1","correlationId":"","logger":"o.s.web.client.RestTemplate","message":"Accept=[text/plain, application/json, application/yaml, application/*+json, */*]","exception":""}
{"timestamp":"2025-11-04 22:15:55.377","level":"DEBUG","thread":"scheduling-1","correlationId":"","logger":"o.s.web.client.RestTemplate","message":"Response 200 OK","exception":""}
